[2026-05-31 20:17:58] Error al preparar consulta: Table 'quiz_master.respuesta_usuario' doesn't exist
#0 /opt/lampp/htdocs/model/HomeModel.php(36): MyDatabase->query('SELECT COUNT(*)...')
#1 /opt/lampp/htdocs/model/HomeModel.php(18): HomeModel->getPreguntasCorrectas()
#2 /opt/lampp/htdocs/controller/HomeController.php(18): HomeModel->getHomeData()
#3 /opt/lampp/htdocs/helpers/Router.php(20): HomeController->ver()
#4 /opt/lampp/htdocs/index.php(14): Router->dispatch(Object(HomeController), 'ver')
#5 {main}
[2026-05-31 20:17:58] Error al preparar consulta: Table 'quiz_master.respuesta_usuario' doesn't exist
#0 /opt/lampp/htdocs/model/HomeModel.php(36): MyDatabase->query('SELECT COUNT(*)...')
#1 /opt/lampp/htdocs/model/HomeModel.php(18): HomeModel->getPreguntasCorrectas()
#2 /opt/lampp/htdocs/controller/HomeController.php(18): HomeModel->getHomeData()
#3 /opt/lampp/htdocs/helpers/Router.php(20): HomeController->ver()
#4 /opt/lampp/htdocs/index.php(14): Router->dispatch(Object(HomeController), 'ver')
#5 {main}
[2026-05-31 20:19:22] Error al preparar consulta: Table 'quiz_master.respuesta_usuario' doesn't exist
#0 /opt/lampp/htdocs/model/HomeModel.php(36): MyDatabase->query('SELECT COUNT(*)...')
#1 /opt/lampp/htdocs/model/HomeModel.php(18): HomeModel->getPreguntasCorrectas()
#2 /opt/lampp/htdocs/controller/HomeController.php(18): HomeModel->getHomeData()
#3 /opt/lampp/htdocs/helpers/Router.php(20): HomeController->ver()
#4 /opt/lampp/htdocs/index.php(14): Router->dispatch(Object(HomeController), 'ver')
#5 {main}
[2026-05-31 20:19:22] Error al preparar consulta: Table 'quiz_master.respuesta_usuario' doesn't exist
#0 /opt/lampp/htdocs/model/HomeModel.php(36): MyDatabase->query('SELECT COUNT(*)...')
#1 /opt/lampp/htdocs/model/HomeModel.php(18): HomeModel->getPreguntasCorrectas()
#2 /opt/lampp/htdocs/controller/HomeController.php(18): HomeModel->getHomeData()
#3 /opt/lampp/htdocs/helpers/Router.php(20): HomeController->ver()
#4 /opt/lampp/htdocs/index.php(14): Router->dispatch(Object(HomeController), 'ver')
#5 {main}
